gtrg - 1231 - Online
gtrg - 1321 - Offline
gtrg - 1231 - Offline
gtrg - 1231 - Online
gtrg - 1231 - Online
gtrg - 1231 - Offline
gtrg - 1231 - Online
gtrg - 1231 - Offline
gtrg - 1231 - Offline
gtrg - 1231 - Offline
gtrg - 1211 - Offline
gtrg - 1231 - Offline
gtrg - 2131 - Offline
ef - 2131 - Offline
btgrfbrf - 1231 - Offline
btgrfbrf - 2311 - Offline
btgrfbrf - 4234 - Offline
btgrfbrf - 1231 - Offline
gtrg - 1211 - Offline
gtrg - 1231 - Offline
ef - 1212 - Offline
ef - 1221 - Offline
ef - 1211 - Offline
ef - 1231 - Offline
btgrfbrf - 1211 - Offline
btgrfbrf - 2131 - Offline
btgrfbrf - 1231 - Offline
btgrfbrf - 1311 - Offline
fdeswfwe - 1231 - Offline
btgrfbrf - 1231 - Offline
btgrfbrf - 1231 - Offline
fdeswfwe - 1231 - Offline
fdeswfwe - 1231 - Offline
dasd - 1231 - Offline
dasd - 1231 - Offline
dasd - 1231 - Offline
dasd - 1231 - Offline
btgrfbrf - 1231 - Offline
ded - 2131 - Offline
ded - 1231 - Offline
btgrfbrf - 1231 - Offline
ded - 1231 - Offline
de - 1231 - Offline
de - 2131 - Offline
de - 3211 - Offline
de - 1231 - Offline
ded - 1231 - Offline
btgrfbrf - 1312 - Offline
de - 1011 - Offline
de - 1311 - Offline
de - 1231 - Offline
de - 1231 - Offline
btgrfbrf - 1231 - Offline
btgrfbrf - 1231 - Offline
btgrfbrf - 1231 - Offline
btgrfbrf - 1231 - Offline
btgrfbrf - 1231 - Offline
btgrfbrf - 1231 - Offline
btgrfbrf - 1212 - Offline
btgrfbrf - 1231 - Offline
btgrfbrf - 2131 - Offline
btgrfbrf - 1311 - Offline
de - 1231 - Offline
de - 1231 - Offline
de - 1231 - Offline
de - 1231 - Offline
de - 1231 - Offline
de - 1231 - Offline
de - 1231 - Offline
gtrg - 2331 - Offline
gtrg - 1231 - Offline
greger - 1321 - Online
btgrfbrf - 1231 - Online
hgt - 1231 - Offline
hgt - 1233 - Offline
hgt - 1331 - Offline
hgt - 3123 - Offline
hgt - 3131 - Offline
greger - 3131 - Offline
greger - 3131 - Offline
greger - 1231 - Offline
greger - 3131 - Offline
greger - 3131 - Offline
greger - 1231 - Offline
gtrg - 1313 - Offline
gtrg - 3131 - Offline
gtrg - 3131 - Offline
gtrg - 1231 - Offline
greger - 1231 - Offline
de - 1231 - Offline
de - 1231 - Offline
de - 1311 - Offline
de - 1231 - Offline
fr - 1231 - Offline
fr - 2131 - Offline
fr - 1231 - Offline
fr - 1231 - Offline
